::1 GET /v3/productos? 304 - - 88.157 ms
::1 GET /v3/productos? 304 - - 156.206 ms
::1 POST /email/send 500 225 - 2241.784 ms
::1 GET / 304 - - 1.999 ms
::1 GET /.well-known/appspecific/com.chrome.devtools.json 404 38 - 1.690 ms
::1 GET /v3/productos? 304 - - 67.198 ms
::1 GET /v3/productos? 304 - - 46.753 ms
::1 GET /v3/productos?function%20toString()%20{%20[native%20code]%20} 200 291 - 44.276 ms
::1 GET /v3/productos?function%20toString()%20{%20[native%20code]%20} 304 - - 44.466 ms
::1 GET /v3/productos?function%20toString()%20{%20[native%20code]%20} 304 - - 46.135 ms
::1 GET /v3/productos?function%20toString()%20{%20[native%20code]%20} 304 - - 46.329 ms
::1 POST /auth/login 404 38 - 1.299 ms
::1 POST /auth/register 404 38 - 0.221 ms
::1 POST /auth/login 404 38 - 5.991 ms
::1 POST /auth/login 404 38 - 1.469 ms
::1 POST /auth/login 404 38 - 1.603 ms
::1 POST /auth/login 404 38 - 0.378 ms
::1 POST /auth/v3/login 404 38 - 0.201 ms
::1 POST /auth/v3/auth/login 404 38 - 0.102 ms
::1 POST /v3/auth/login 200 251 - 210.879 ms
::1 POST /productos 404 38 - 0.112 ms
::1 POST /v3/productos 500 1460 - 9.403 ms
::1 POST /v3/productos 201 131 - 81.935 ms
::1 POST /v3/productos 201 206 - 121.066 ms
